<?xml version="1.0" encoding="UTF-8"?>
<!-- Generated by org.testng.reporters.JUnitReportReporter -->
<testsuite hostname="DESKTOP-DUAP2AF" failures="0" tests="1" name="testscript.TS_1" time="63.712" errors="0" timestamp="2022-12-06T10:01:22 IST" skipped="0">
  <testcase classname="testscript.TS_1" name="Script" time="63.712"/>
  <system-out/>
</testsuite> <!-- testscript.TS_1 -->
